<?xml version="1.0" encoding="UTF-8"?>
<testng-results skipped="0" failed="0" ignored="0" total="1" passed="1">
  <reporter-output>
  </reporter-output>
  <suite name="Default suite" duration-ms="14162" started-at="2020-12-24T03:14:53Z" finished-at="2020-12-24T03:15:08Z">
    <groups>
    </groups>
    <test name="Default test" duration-ms="14162" started-at="2020-12-24T03:14:53Z" finished-at="2020-12-24T03:15:08Z">
      <class name="TestCases.TC_01">
        <test-method status="PASS" signature="LaunchBrowser()[pri:0, instance:TestCases.TC_01@548e7350]" name="LaunchBrowser" is-config="true" duration-ms="13216" started-at="2020-12-24T03:14:53Z" finished-at="2020-12-24T03:15:07Z">
          <reporter-output>
          </reporter-output>
        </test-method> <!-- LaunchBrowser -->
        <test-method status="PASS" signature="LoginTest()[pri:0, instance:TestCases.TC_01@548e7350]" name="LoginTest" duration-ms="689" started-at="2020-12-24T03:15:07Z" finished-at="2020-12-24T03:15:07Z">
          <reporter-output>
          </reporter-output>
        </test-method> <!-- LoginTest -->
        <test-method status="PASS" signature="CloseBrowser()[pri:0, instance:TestCases.TC_01@548e7350]" name="CloseBrowser" is-config="true" duration-ms="215" started-at="2020-12-24T03:15:07Z" finished-at="2020-12-24T03:15:08Z">
          <reporter-output>
          </reporter-output>
        </test-method> <!-- CloseBrowser -->
      </class> <!-- TestCases.TC_01 -->
    </test> <!-- Default test -->
  </suite> <!-- Default suite -->
</testng-results>
